# Logfile created on Tue Apr 20 14:48:48 -0700 2010

Processing ApplicationController#index (for 127.0.0.1 at 2010-04-20 14:48:48) [GET]
Rendering application/index
Completed in 2ms (View: 1 | 200 OK [http://example.org/]


Processing ApplicationController#index (for 127.0.0.1 at 2010-04-20 14:48:48) [GET]
  Parameters: {"background_cache_load"=>"706fadca9b2b36afc79957e418ae9148627ebdad8479a6451ac03740b3d18007"}
Rendering application/index
Completed in 1ms (View: 0 | 200 OK [http://example.org/?background_cache_load=706fadca9b2b36afc79957e418ae9148627ebdad8479a6451ac03740b3d18007]


Processing ApplicationController#index (for 127.0.0.1 at 2010-04-20 14:48:48) [GET]
  Parameters: {"background_cache_unload"=>"ef8cad72ad25a4232ff9c57ef5342946d77996d8cc1887472b4f7660625fc22d"}
Rendering application/index
Completed in 1ms (View: 0 | 200 OK [http://example.org/?background_cache_unload=ef8cad72ad25a4232ff9c57ef5342946d77996d8cc1887472b4f7660625fc22d]


Processing ApplicationController#index (for 127.0.0.1 at 2010-04-20 14:48:48) [GET]
  Parameters: {"background_cache"=>"7f6531f67a8eed2641ce25202445cf0e57ea1ecb9c41dae7aed4c558414f59ec"}
Rendering application/index
Completed in 1ms (View: 0 | 200 OK [http://example.org/?background_cache=7f6531f67a8eed2641ce25202445cf0e57ea1ecb9c41dae7aed4c558414f59ec]


Processing ApplicationController#index (for 127.0.0.1 at 2010-04-20 14:49:25) [GET]
Rendering application/index
Completed in 2ms (View: 1 | 200 OK [http://example.org/]


Processing ApplicationController#index (for 127.0.0.1 at 2010-04-20 14:49:25) [GET]
  Parameters: {"background_cache_load"=>"b536f9a68a7878bd0b0a8b3cc74034741acab50fee369d15e85807d0408efc68"}
Rendering application/index
Completed in 1ms (View: 0 | 200 OK [http://example.org/?background_cache_load=b536f9a68a7878bd0b0a8b3cc74034741acab50fee369d15e85807d0408efc68]


Processing ApplicationController#index (for 127.0.0.1 at 2010-04-20 14:49:25) [GET]
  Parameters: {"background_cache_unload"=>"8ac3166d35e8c1224e0a532a641a73cc1ccfb71da0b69f874b29805fc01213b6"}
Rendering application/index
Completed in 1ms (View: 1 | 200 OK [http://example.org/?background_cache_unload=8ac3166d35e8c1224e0a532a641a73cc1ccfb71da0b69f874b29805fc01213b6]


Processing ApplicationController#index (for 127.0.0.1 at 2010-04-20 14:49:26) [GET]
  Parameters: {"background_cache"=>"c7eb29669b99059742c76f82b490f055dfd7010542293e380ff2fe4eff5ec119"}
Rendering application/index
Completed in 1ms (View: 1 | 200 OK [http://example.org/?background_cache=c7eb29669b99059742c76f82b490f055dfd7010542293e380ff2fe4eff5ec119]


Processing ApplicationController#index (for 127.0.0.1 at 2010-04-20 14:49:57) [GET]
Rendering application/index
Completed in 2ms (View: 1 | 200 OK [http://example.org/]


Processing ApplicationController#index (for 127.0.0.1 at 2010-04-20 14:49:57) [GET]
  Parameters: {"background_cache_load"=>"a1f473255b4138454fd465fb860bea1cd1a4d2c05b3ea6b1487403dc44127541"}
Rendering application/index
Completed in 1ms (View: 1 | 200 OK [http://example.org/?background_cache_load=a1f473255b4138454fd465fb860bea1cd1a4d2c05b3ea6b1487403dc44127541]


Processing ApplicationController#index (for 127.0.0.1 at 2010-04-20 14:49:57) [GET]
  Parameters: {"background_cache_unload"=>"112781efdd2794b67a3ff667a4d2f8f9c27223805780e804f14a8ff428e63c6f"}
Rendering application/index
Completed in 1ms (View: 0 | 200 OK [http://example.org/?background_cache_unload=112781efdd2794b67a3ff667a4d2f8f9c27223805780e804f14a8ff428e63c6f]


Processing ApplicationController#index (for 127.0.0.1 at 2010-04-20 14:49:57) [GET]
  Parameters: {"background_cache"=>"c1276c48078d8866d04f5c2d7b37c3acf97a85f19b77c6b41c2910e6b7bdad28"}
Rendering application/index
Completed in 0ms (View: 0 | 200 OK [http://example.org/?background_cache=c1276c48078d8866d04f5c2d7b37c3acf97a85f19b77c6b41c2910e6b7bdad28]


Processing ApplicationController#index (for 127.0.0.1 at 2010-04-20 14:51:53) [GET]
Rendering application/index
Completed in 2ms (View: 1 | 200 OK [http://example.org/]


Processing ApplicationController#index (for 127.0.0.1 at 2010-04-20 14:51:53) [GET]
  Parameters: {"background_cache_load"=>"9b1c5e13e6bab9e6ae7bcddb48a6d9ebebe5a9df2f4294daa9c2131bc3629bb2"}
Rendering application/index
Completed in 1ms (View: 1 | 200 OK [http://example.org/?background_cache_load=9b1c5e13e6bab9e6ae7bcddb48a6d9ebebe5a9df2f4294daa9c2131bc3629bb2]


Processing ApplicationController#index (for 127.0.0.1 at 2010-04-20 14:51:53) [GET]
  Parameters: {"background_cache_unload"=>"5bed5d794438f5f7ab6e6f4d599df59e39392c96744e90bfcd6d3e33e40400d2"}
Rendering application/index
Completed in 1ms (View: 0 | 200 OK [http://example.org/?background_cache_unload=5bed5d794438f5f7ab6e6f4d599df59e39392c96744e90bfcd6d3e33e40400d2]


Processing ApplicationController#index (for 127.0.0.1 at 2010-04-20 14:51:53) [GET]
  Parameters: {"background_cache"=>"edf57162d08028b94779b8ccd76b1d0f7ee58b01cb0dd965a03dc262e5efd70b"}
Rendering application/index
Completed in 1ms (View: 0 | 200 OK [http://example.org/?background_cache=edf57162d08028b94779b8ccd76b1d0f7ee58b01cb0dd965a03dc262e5efd70b]


Processing ApplicationController#index (for 127.0.0.1 at 2010-04-20 14:52:52) [GET]
Rendering application/index
Completed in 2ms (View: 1 | 200 OK [http://example.org/]


Processing ApplicationController#index (for 127.0.0.1 at 2010-04-20 14:52:52) [GET]
  Parameters: {"background_cache_load"=>"86d7c3e05c26c429c087604a67e25d632ebae88e7b4e77d3268cc5bfc75b2984"}
Rendering application/index
Completed in 1ms (View: 0 | 200 OK [http://example.org/?background_cache_load=86d7c3e05c26c429c087604a67e25d632ebae88e7b4e77d3268cc5bfc75b2984]


Processing ApplicationController#index (for 127.0.0.1 at 2010-04-20 14:52:52) [GET]
  Parameters: {"background_cache_unload"=>"6b5391ee1589f502ae9019936d5f44a4d13607f06e26a6236e3e443d07cf67d5"}
Rendering application/index
Completed in 1ms (View: 1 | 200 OK [http://example.org/?background_cache_unload=6b5391ee1589f502ae9019936d5f44a4d13607f06e26a6236e3e443d07cf67d5]


Processing ApplicationController#index (for 127.0.0.1 at 2010-04-20 14:52:52) [GET]
  Parameters: {"background_cache"=>"37bc1a5ed6f810abe8845f7454ca24238505c2c9ec0427dd8aacc8f0bec0f11c"}
Rendering application/index
Completed in 1ms (View: 0 | 200 OK [http://example.org/?background_cache=37bc1a5ed6f810abe8845f7454ca24238505c2c9ec0427dd8aacc8f0bec0f11c]


Processing ApplicationController#index (for 127.0.0.1 at 2010-04-20 14:56:25) [GET]
Rendering application/index
Completed in 3ms (View: 1 | 200 OK [http://example.org/]


Processing ApplicationController#index (for 127.0.0.1 at 2010-04-20 14:56:25) [GET]
  Parameters: {"background_cache_load"=>"b5a945ea3ff0f91b6fe1d6b7844a24e1488bb38fb8831c436e47d4a0b934c87f"}
Rendering application/index
Completed in 1ms (View: 0 | 200 OK [http://example.org/?background_cache_load=b5a945ea3ff0f91b6fe1d6b7844a24e1488bb38fb8831c436e47d4a0b934c87f]


Processing ApplicationController#index (for 127.0.0.1 at 2010-04-20 14:56:25) [GET]
  Parameters: {"background_cache_unload"=>"79697a9367f666428b1521cebafcd479f372f2b6d1ee39b52cb91bc191d90a20"}
Rendering application/index
Completed in 1ms (View: 1 | 200 OK [http://example.org/?background_cache_unload=79697a9367f666428b1521cebafcd479f372f2b6d1ee39b52cb91bc191d90a20]


Processing ApplicationController#index (for 127.0.0.1 at 2010-04-20 14:56:25) [GET]
  Parameters: {"background_cache"=>"4e6e6cd3e26bf4229c728c289eddfe3dcd2d33179f87b813b9ec64225d10d2f8"}
Rendering application/index
Completed in 1ms (View: 0 | 200 OK [http://example.org/?background_cache=4e6e6cd3e26bf4229c728c289eddfe3dcd2d33179f87b813b9ec64225d10d2f8]


Processing ApplicationController#index (for 127.0.0.1 at 2010-04-20 15:06:10) [GET]
Rendering application/index
Completed in 3ms (View: 1 | 200 OK [http://example.org/]


Processing ApplicationController#index (for 127.0.0.1 at 2010-04-20 15:06:10) [GET]
  Parameters: {"background_cache_load"=>"8e3e021a4d1277311f2c6e1341f75c8480726306e9c18c0783f39eb06a1bc393"}
Rendering application/index
Completed in 1ms (View: 0 | 200 OK [http://example.org/?background_cache_load=8e3e021a4d1277311f2c6e1341f75c8480726306e9c18c0783f39eb06a1bc393]


Processing ApplicationController#index (for 127.0.0.1 at 2010-04-20 15:06:10) [GET]
  Parameters: {"background_cache_unload"=>"643d0e43c2c7378fc564171702163574217263203871ccfe02f8bc2c4bf0c581"}
Rendering application/index
Completed in 1ms (View: 1 | 200 OK [http://example.org/?background_cache_unload=643d0e43c2c7378fc564171702163574217263203871ccfe02f8bc2c4bf0c581]


Processing ApplicationController#index (for 127.0.0.1 at 2010-04-20 15:06:10) [GET]
  Parameters: {"background_cache"=>"090e0b1f54b670551b6b5345cdd6b481f1a9a51afa175e92f8fbc491a481afef"}
Rendering application/index
Completed in 1ms (View: 0 | 200 OK [http://example.org/?background_cache=090e0b1f54b670551b6b5345cdd6b481f1a9a51afa175e92f8fbc491a481afef]


Processing ApplicationController#index (for 127.0.0.1 at 2010-04-20 15:07:20) [GET]
Rendering application/index
Completed in 2ms (View: 1 | 200 OK [http://example.org/]


Processing ApplicationController#index (for 127.0.0.1 at 2010-04-20 15:07:20) [GET]
  Parameters: {"background_cache_load"=>"7c29f118b0674ead215dacd89a40bec2d33fa80cb608706127986a6fbe239a76"}
Rendering application/index
Completed in 1ms (View: 0 | 200 OK [http://example.org/?background_cache_load=7c29f118b0674ead215dacd89a40bec2d33fa80cb608706127986a6fbe239a76]


Processing ApplicationController#index (for 127.0.0.1 at 2010-04-20 15:07:20) [GET]
  Parameters: {"background_cache_unload"=>"f0ff8ffb9a7d77e705e3f57942cc4cfb3dd77cad6088b66841916551061413a1"}
Rendering application/index
Completed in 1ms (View: 0 | 200 OK [http://example.org/?background_cache_unload=f0ff8ffb9a7d77e705e3f57942cc4cfb3dd77cad6088b66841916551061413a1]


Processing ApplicationController#index (for 127.0.0.1 at 2010-04-20 15:07:20) [GET]
  Parameters: {"background_cache"=>"1cb85a2cbe4d67ca8eaa9c3269a27f254f5c709425ae443927dc3c84d0a66ed9"}
Rendering application/index
Completed in 45ms (View: 45 | 200 OK [http://example.org/?background_cache=1cb85a2cbe4d67ca8eaa9c3269a27f254f5c709425ae443927dc3c84d0a66ed9]
